<?xml version="1.0" encoding="UTF-8"?>
<!-- Generated by org.testng.reporters.JUnitXMLReporter -->
<testsuite ignored="2" hostname="Almirs-MacBook-Air.local" failures="0" tests="1" name="Default test" time="10.196" errors="0" timestamp="2023-02-05T13:25:10 CET">
  <testcase classname="testCases.SearchPageTestCases" name="TC_SEARCH_002" time="1.007"/>
  <testcase classname="testCases.SearchPageTestCases" name="TC_SEARCH001_searchExcistingProduct" time="0.0">
    <ignored/>
  </testcase> <!-- TC_SEARCH001_searchExcistingProduct -->
  <testcase classname="testCases.SearchPageTestCases" name="TC_SEARCH_009_advancedSearchFunctionality" time="0.0">
    <ignored/>
  </testcase> <!-- TC_SEARCH_009_advancedSearchFunctionality -->
</testsuite> <!-- Default test -->
