<?xml version="1.0" encoding="UTF-8"?>
<!-- Generated by org.testng.reporters.JUnitXMLReporter -->
<testsuite ignored="4" hostname="Almirs-MacBook-Air.local" failures="0" tests="1" name="Default test" time="15.992" errors="0" timestamp="2023-02-05T21:56:04 CET">
  <testcase classname="testCases.PdpTestCases" name="TC_DETAILS_003" time="6.718"/>
  <testcase classname="testCases.PdpTestCases" name="TC_DETAILS_002" time="0.0">
    <ignored/>
  </testcase> <!-- TC_DETAILS_002 -->
  <testcase classname="testCases.PdpTestCases" name="TC_DETAILS_001" time="0.0">
    <ignored/>
  </testcase> <!-- TC_DETAILS_001 -->
  <testcase classname="testCases.PdpTestCases" name="TC_DETAILS_013_downloadFromPdp" time="0.0">
    <ignored/>
  </testcase> <!-- TC_DETAILS_013_downloadFromPdp -->
  <testcase classname="testCases.PdpTestCases" name="testCaseFromClass" time="0.0">
    <ignored/>
  </testcase> <!-- testCaseFromClass -->
</testsuite> <!-- Default test -->
