<?xml version="1.0" encoding="UTF-8"?>
<testng-results ignored="3" total="4" passed="1" failed="0" skipped="0">
  <reporter-output>
  </reporter-output>
  <suite started-at="2022-12-14T20:55:52 CET" name="Default suite" finished-at="2022-12-14T20:56:02 CET" duration-ms="10687">
    <groups>
    </groups>
    <test started-at="2022-12-14T20:55:52 CET" name="Default test" finished-at="2022-12-14T20:56:02 CET" duration-ms="10687">
      <class name="testCases.RegisterPageTestCases">
        <test-method is-config="true" signature="start()[pri:0, instance:testCases.RegisterPageTestCases@31e5415e]" started-at="2022-12-14T20:55:52 CET" name="start" finished-at="2022-12-14T20:56:00 CET" duration-ms="8110" status="PASS">
          <reporter-output>
          </reporter-output>
        </test-method> <!-- start -->
        <test-method signature="TC_REGISTER_003_registerWithInvalidEmail()[pri:0, instance:testCases.RegisterPageTestCases@31e5415e]" started-at="2022-12-14T20:56:00 CET" name="TC_REGISTER_003_registerWithInvalidEmail" finished-at="2022-12-14T20:56:02 CET" duration-ms="2453" status="PASS">
          <reporter-output>
          </reporter-output>
        </test-method> <!-- TC_REGISTER_003_registerWithInvalidEmail -->
        <test-method is-config="true" signature="end()[pri:0, instance:testCases.RegisterPageTestCases@31e5415e]" started-at="2022-12-14T20:56:02 CET" name="end" finished-at="2022-12-14T20:56:02 CET" duration-ms="80" status="PASS">
          <reporter-output>
          </reporter-output>
        </test-method> <!-- end -->
      </class> <!-- testCases.RegisterPageTestCases -->
    </test> <!-- Default test -->
  </suite> <!-- Default suite -->
</testng-results>
